// 同步 ID: ab502117 @ Wed May 27 18:46:51 UTC 2026
// 同步 ID: 3b01eea3 @ Fri May 29 11:03:08 UTC 2026
// 同步 ID: e74590e9 @ Sat May 30 17:01:26 UTC 2026
// 重构日志: a50eeaa1
// 重构日志: 76cc87a6
// 重构日志: 3e31a2f2
// 重构日志: e4e98325
// 同步 ID: d34daea5 @ Sun Jun  7 15:28:29 UTC 2026
// 同步 ID: 84e5ad34 @ Sat Jun 13 08:41:38 UTC 2026
// 重构日志: deefb1c9
// 同步 ID: 1c1e96ce @ Mon Jun 15 08:49:17 UTC 2026
// 重构日志: 38076c9d
// 同步 ID: b1d75af3 @ Sat Jun 20 05:54:38 UTC 2026
// 重构日志: e1333dd3
// 同步 ID: 89f0dfe7 @ Sun Jun 21 08:01:50 UTC 2026
// 重构日志: 2556a33f
// 同步 ID: d502202f @ Sun Jun 21 21:50:06 UTC 2026
// 重构日志: bb6c2903
// 重构日志: ccd8125e
// 重构日志: 27c4b144
// 同步 ID: 54d9d5b1 @ Wed Jun 24 06:48:34 UTC 2026
// 同步 ID: 15de48aa @ Wed Jun 24 10:44:44 UTC 2026
// 同步 ID: 3a9e623e @ Wed Jun 24 13:29:04 UTC 2026
// 重构日志: 03a3d522
// 同步 ID: 38b0c6b9 @ Fri Jun 26 13:11:31 UTC 2026
// 重构日志: 976ff840
// 重构日志: 95dcd01e
// 同步 ID: ffa54391 @ Mon Jun 29 10:52:31 UTC 2026
// 重构日志: 89e16417
// 同步 ID: 91bfdcc4 @ Tue Jun 30 18:10:18 UTC 2026
